#
# A fatal error has been detected by the Java Runtime Environment:
#
#  EXCEPTION_ACCESS_VIOLATION (0xc0000005) at pc=0x00000000804bc8b0, pid=3680, tid=8620
#
# JRE version: Java(TM) SE Runtime Environment (7.0_40-b43) (build 1.7.0_40-b43)
# Java VM: Java HotSpot(TM) 64-Bit Server VM (24.0-b56 mixed mode windows-amd64 compressed oops)
# Problematic frame:
# C  0x00000000804bc8b0
#
# Failed to write core dump. Minidumps are not enabled by default on client versions of Windows
#
# If you would like to submit a bug report, please visit:
#   http://bugreport.sun.com/bugreport/crash.jsp
# The crash happened outside the Java Virtual Machine in native code.
# See problematic frame for where to report the bug.
#

---------------  T H R E A D  ---------------

Current thread (0x000000000be48800):  JavaThread "AWT-EventQueue-0" [_thread_in_native, id=8620, stack(0x000000000db70000,0x000000000dc70000)]

siginfo: ExceptionCode=0xc0000005, ExceptionInformation=0x0000000000000008 0x00000000804bc8b0

Registers:
RAX=0x0000000023f00001, RBX=0x00000000005e16ea, RCX=0x0000000000000001, RDX=0x00007ffb8d6c3dbc
RSP=0x000000000dc6dae8, RBP=0x0000000000000057, RSI=0x00007ffb8d6c3a00, RDI=0x0000000000000000
R8 =0x0000000000000000, R9 =0x0000000000000280, R10=0x00000000ffffffff, R11=0x000000000dc6daf0
R12=0x000000000dc6dc98, R13=0x0000000000000280, R14=0x00007ffb8d6c3810, R15=0x0000000000000000
RIP=0x00000000804bc8b0, EFLAGS=0x0000000000010246

Top of Stack: (sp=0x000000000dc6dae8)
0x000000000dc6dae8:   00007ffb8d6b185a 00000000005e16ea
0x000000000dc6daf8:   00000000005e16ea 0000000000000280
0x000000000dc6db08:   00007ffb8d6b15bd 00007ffb8d6c3a00
0x000000000dc6db18:   00007ffb8d6c3a00 000000000be48800
0x000000000dc6db28:   000000000dc6dc98 000000000bf7af10
0x000000000dc6db38:   000000077c68f9c0 0000000000000000
0x000000000dc6db48:   00007ffb8d6b3d8b 000000000be489e8
0x000000000dc6db58:   0000000000000280 0000000000000000
0x000000000dc6db68:   00007ffb8d6b2e28 0000000000000168
0x000000000dc6db78:   0000000000000000 000000000dc6dc00
0x000000000dc6db88:   000000077d05a238 0000000000000280
0x000000000dc6db98:   00007ffb8d6bb7a9 0000000000000000
0x000000000dc6dba8:   000000077c68f9c0 000000077c68f9c0
0x000000000dc6dbb8:   0000000000000280 000000077d05a238
0x000000000dc6dbc8:   0000000000000000 00000007d5b00000
0x000000000dc6dbd8:   0000000001da9949 000000077d05a238 

Instructions: (pc=0x00000000804bc8b0)
0x00000000804bc890:   
[error occurred during error reporting (printing registers, top of stack, instructions near pc), id 0xc0000005]

Register to memory mapping:

RAX=0x0000000023f00001 is an unknown value
RBX=0x00000000005e16ea is an unknown value
RCX=0x0000000000000001 is an unknown value
RDX=0x00007ffb8d6c3dbc is an unknown value
RSP=0x000000000dc6dae8 is pointing into the stack for thread: 0x000000000be48800
RBP=0x0000000000000057 is an unknown value
RSI=0x00007ffb8d6c3a00 is an unknown value
RDI=0x0000000000000000 is an unknown value
R8 =0x0000000000000000 is an unknown value
R9 =0x0000000000000280 is an unknown value
R10=0x00000000ffffffff is an unknown value
R11=0x000000000dc6daf0 is pointing into the stack for thread: 0x000000000be48800
R12=0x000000000dc6dc98 is pointing into the stack for thread: 0x000000000be48800
R13=0x0000000000000280 is an unknown value
R14=0x00007ffb8d6c3810 is an unknown value
R15=0x0000000000000000 is an unknown value


Stack: [0x000000000db70000,0x000000000dc70000],  sp=0x000000000dc6dae8,  free space=1014k
Native frames: (J=compiled Java code, j=interpreted, Vv=VM code, C=native code)
C  0x00000000804bc8b0

Java frames: (J=compiled Java code, j=interpreted, Vv=VM code)
j  JSpout.InitSender(Ljava/lang/String;III)I+0
j  SpoutSender$Spout.initSender(Ljava/lang/String;II)V+5
j  SpoutSender.setup()V+74
j  processing.core.PApplet.handleDraw()V+141
j  processing.opengl.PJOGL$PGLListener.display(Ljavax/media/opengl/GLAutoDrawable;)V+476
j  jogamp.opengl.GLDrawableHelper.displayImpl(Ljavax/media/opengl/GLAutoDrawable;)V+81
j  jogamp.opengl.GLDrawableHelper.display(Ljavax/media/opengl/GLAutoDrawable;)V+2
j  javax.media.opengl.awt.GLCanvas$10.run()V+118
j  jogamp.opengl.GLDrawableHelper.invokeGLImpl(Ljavax/media/opengl/GLDrawable;Ljavax/media/opengl/GLContext;Ljava/lang/Runnable;Ljava/lang/Runnable;)V+206
j  jogamp.opengl.GLDrawableHelper.invokeGL(Ljavax/media/opengl/GLDrawable;Ljavax/media/opengl/GLContext;Ljava/lang/Runnable;Ljava/lang/Runnable;)V+80
j  javax.media.opengl.awt.GLCanvas$11.run()V+73
j  java.awt.event.InvocationEvent.dispatch()V+11
j  java.awt.EventQueue.dispatchEventImpl(Ljava/awt/AWTEvent;Ljava/lang/Object;)V+21
j  java.awt.EventQueue.access$200(Ljava/awt/EventQueue;Ljava/awt/AWTEvent;Ljava/lang/Object;)V+3
j  java.awt.EventQueue$3.run()Ljava/lang/Void;+12
j  java.awt.EventQueue$3.run()Ljava/lang/Object;+1
v  ~StubRoutines::call_stub
j  java.security.AccessController.doPrivileged(Ljava/security/PrivilegedAction;Ljava/security/AccessControlContext;)Ljava/lang/Object;+0
j  java.security.ProtectionDomain$1.doIntersectionPrivilege(Ljava/security/PrivilegedAction;Ljava/security/AccessControlContext;Ljava/security/AccessControlContext;)Ljava/lang/Object;+28
j  java.awt.EventQueue.dispatchEvent(Ljava/awt/AWTEvent;)V+46
j  java.awt.EventDispatchThread.pumpOneEventForFilters(I)V+245
j  java.awt.EventDispatchThread.pumpEventsForFilter(ILjava/awt/Conditional;Ljava/awt/EventFilter;)V+35
j  java.awt.EventDispatchThread.pumpEventsForHierarchy(ILjava/awt/Conditional;Ljava/awt/Component;)V+11
j  java.awt.EventDispatchThread.pumpEvents(ILjava/awt/Conditional;)V+4
j  java.awt.EventDispatchThread.pumpEvents(Ljava/awt/Conditional;)V+3
j  java.awt.EventDispatchThread.run()V+9
v  ~StubRoutines::call_stub

---------------  P R O C E S S  ---------------

Java Threads: ( => current thread )
  0x000000000dfc1000 JavaThread "Animation Thread-SharedResourceRunner" daemon [_thread_blocked, id=3696, stack(0x000000000ec50000,0x000000000ed50000)]
  0x0000000001c83800 JavaThread "DestroyJavaVM" [_thread_blocked, id=9104, stack(0x0000000001b70000,0x0000000001c70000)]
  0x000000000df1c800 JavaThread "Animation Thread" [_thread_blocked, id=7736, stack(0x000000000e670000,0x000000000e770000)]
  0x000000000bf55800 JavaThread "Image Fetcher 1" daemon [_thread_blocked, id=8212, stack(0x000000000dd70000,0x000000000de70000)]
  0x000000000bf21000 JavaThread "Image Fetcher 0" daemon [_thread_blocked, id=6864, stack(0x000000000dc70000,0x000000000dd70000)]
=>0x000000000be48800 JavaThread "AWT-EventQueue-0" [_thread_in_native, id=8620, stack(0x000000000db70000,0x000000000dc70000)]
  0x000000000bdbf800 JavaThread "AWT-Windows" daemon [_thread_in_native, id=8740, stack(0x000000000d280000,0x000000000d380000)]
  0x000000000bdb8800 JavaThread "AWT-Shutdown" [_thread_blocked, id=376, stack(0x000000000d180000,0x000000000d280000)]
  0x000000000beae800 JavaThread "Java2D Disposer" daemon [_thread_blocked, id=5920, stack(0x000000000c5e0000,0x000000000c6e0000)]
  0x000000000a166800 JavaThread "Service Thread" daemon [_thread_blocked, id=1588, stack(0x000000000bbc0000,0x000000000bcc0000)]
  0x000000000a166000 JavaThread "C2 CompilerThread1" daemon [_thread_blocked, id=5132, stack(0x000000000bac0000,0x000000000bbc0000)]
  0x000000000a164800 JavaThread "C2 CompilerThread0" daemon [_thread_blocked, id=3900, stack(0x000000000b9c0000,0x000000000bac0000)]
  0x000000000a151000 JavaThread "JDWP Command Reader" daemon [_thread_in_native, id=4468, stack(0x000000000b8c0000,0x000000000b9c0000)]
  0x000000000a148800 JavaThread "JDWP Event Helper Thread" daemon [_thread_blocked, id=3492, stack(0x000000000b7c0000,0x000000000b8c0000)]
  0x000000000a13b800 JavaThread "JDWP Transport Listener: dt_socket" daemon [_thread_blocked, id=3592, stack(0x000000000b6c0000,0x000000000b7c0000)]
  0x000000000a137800 JavaThread "Attach Listener" daemon [_thread_blocked, id=1324, stack(0x000000000b5c0000,0x000000000b6c0000)]
  0x000000000a134800 JavaThread "Signal Dispatcher" daemon [_thread_blocked, id=6240, stack(0x000000000b4c0000,0x000000000b5c0000)]
  0x000000000a0fe000 JavaThread "Finalizer" daemon [_thread_blocked, id=7608, stack(0x000000000b3c0000,0x000000000b4c0000)]
  0x000000000a0f5000 JavaThread "Reference Handler" daemon [_thread_blocked, id=4804, stack(0x000000000b2c0000,0x000000000b3c0000)]

Other Threads:
  0x000000000a0f3800 VMThread [stack: 0x000000000b1c0000,0x000000000b2c0000] [id=2476]
  0x000000000a1a7800 WatcherThread [stack: 0x000000000c0c0000,0x000000000c1c0000] [id=7800]

VM state:not at safepoint (normal execution)

VM Mutex/Monitor currently owned by a thread: None

Heap
 PSYoungGen      total 38400K, used 21395K [0x00000007d5b00000, 0x00000007da600000, 0x0000000800000000)
  eden space 33280K, 49% used [0x00000007d5b00000,0x00000007d6b38a10,0x00000007d7b80000)
  from space 5120K, 93% used [0x00000007d8080000,0x00000007d852c230,0x00000007d8580000)
  to   space 5120K, 0% used [0x00000007d7b80000,0x00000007d7b80000,0x00000007d8080000)
 ParOldGen       total 86528K, used 37492K [0x0000000781200000, 0x0000000786680000, 0x00000007d5b00000)
  object space 86528K, 43% used [0x0000000781200000,0x000000078369d3f0,0x0000000786680000)
 PSPermGen       total 21504K, used 16748K [0x000000077c000000, 0x000000077d500000, 0x0000000781200000)
  object space 21504K, 77% used [0x000000077c000000,0x000000077d05b1d8,0x000000077d500000)

Card table byte_map: [0x0000000004e50000,0x0000000005280000] byte_map_base: 0x0000000001270000

Polling page: 0x0000000000400000

Code Cache  [0x0000000001d90000, 0x0000000002000000, 0x0000000004d90000)
 total_blobs=882 nmethods=88 adapters=754 free_code_cache=48212Kb largest_free_block=49340416

Compilation events (10 events):
Event: 2.363 Thread 0x000000000a166000 nmethod 82 0x0000000001e7a250 code [0x0000000001e7a5c0, 0x0000000001e7bac0]
Event: 2.363 Thread 0x000000000a164800 nmethod 84 0x0000000001e79890 code [0x0000000001e79a60, 0x0000000001e79d90]
Event: 2.363 Thread 0x000000000a164800   85             java.awt.image.ComponentColorModel::getGreen (7 bytes)
Event: 2.363 Thread 0x000000000a166000   86             java.awt.image.ComponentColorModel::getBlue (7 bytes)
Event: 2.366 Thread 0x000000000a164800 nmethod 85 0x0000000001e70cd0 code [0x0000000001e70ea0, 0x0000000001e711d0]
Event: 2.366 Thread 0x000000000a164800   87 %           java.awt.image.BufferedImage::getRGB @ 173 (231 bytes)
Event: 2.367 Thread 0x000000000a166000 nmethod 86 0x0000000001e78ed0 code [0x0000000001e790a0, 0x0000000001e793d0]
Event: 2.370 Thread 0x000000000a164800 nmethod 87% 0x0000000001e80e50 code [0x0000000001e80fc0, 0x0000000001e81a78]
Event: 2.576 Thread 0x000000000a166000   88 %           processing.core.PImage::checkAlpha @ 13 (48 bytes)
Event: 2.579 Thread 0x000000000a166000 nmethod 88% 0x0000000001e7da90 code [0x0000000001e7dbe0, 0x0000000001e7de78]

GC Heap History (4 events):
Event: 1.803 GC heap before
{Heap before GC invocations=1 (full 0):
 PSYoungGen      total 38400K, used 33280K [0x00000007d5b00000, 0x00000007d8580000, 0x0000000800000000)
  eden space 33280K, 100% used [0x00000007d5b00000,0x00000007d7b80000,0x00000007d7b80000)
  from space 5120K, 0% used [0x00000007d8080000,0x00000007d8080000,0x00000007d8580000)
  to   space 5120K, 0% used [0x00000007d7b80000,0x00000007d7b80000,0x00000007d8080000)
 ParOldGen       total 86528K, used 0K [0x0000000781200000, 0x0000000786680000, 0x00000007d5b00000)
  object space 86528K, 0% used [0x0000000781200000,0x0000000781200000,0x0000000786680000)
 PSPermGen       total 21504K, used 15584K [0x000000077c000000, 0x000000077d500000, 0x0000000781200000)
  object space 21504K, 72% used [0x000000077c000000,0x000000077cf382a0,0x000000077d500000)
Event: 1.821 GC heap after
Heap after GC invocations=1 (full 0):
 PSYoungGen      total 38400K, used 5104K [0x00000007d5b00000, 0x00000007d8580000, 0x0000000800000000)
  eden space 33280K, 0% used [0x00000007d5b00000,0x00000007d5b00000,0x00000007d7b80000)
  from space 5120K, 99% used [0x00000007d7b80000,0x00000007d807c138,0x00000007d8080000)
  to   space 5120K, 0% used [0x00000007d8080000,0x00000007d8080000,0x00000007d8580000)
 ParOldGen       total 86528K, used 620K [0x0000000781200000, 0x0000000786680000, 0x00000007d5b00000)
  object space 86528K, 0% used [0x0000000781200000,0x000000078129b3c0,0x0000000786680000)
 PSPermGen       total 21504K, used 15584K [0x000000077c000000, 0x000000077d500000, 0x0000000781200000)
  object space 21504K, 72% used [0x000000077c000000,0x000000077cf382a0,0x000000077d500000)
}
Event: 2.310 GC heap before
{Heap before GC invocations=2 (full 0):
 PSYoungGen      total 38400K, used 32211K [0x00000007d5b00000, 0x00000007d8580000, 0x0000000800000000)
  eden space 33280K, 81% used [0x00000007d5b00000,0x00000007d7578b28,0x00000007d7b80000)
  from space 5120K, 99% used [0x00000007d7b80000,0x00000007d807c138,0x00000007d8080000)
  to   space 5120K, 0% used [0x00000007d8080000,0x00000007d8080000,0x00000007d8580000)
 ParOldGen       total 86528K, used 620K [0x0000000781200000, 0x0000000786680000, 0x00000007d5b00000)
  object space 86528K, 0% used [0x0000000781200000,0x000000078129b3c0,0x0000000786680000)
 PSPermGen       total 21504K, used 16731K [0x000000077c000000, 0x000000077d500000, 0x0000000781200000)
  object space 21504K, 77% used [0x000000077c000000,0x000000077d056c38,0x000000077d500000)
Event: 2.333 GC heap after
Heap after GC invocations=2 (full 0):
 PSYoungGen      total 38400K, used 4784K [0x00000007d5b00000, 0x00000007da600000, 0x0000000800000000)
  eden space 33280K, 0% used [0x00000007d5b00000,0x00000007d5b00000,0x00000007d7b80000)
  from space 5120K, 93% used [0x00000007d8080000,0x00000007d852c230,0x00000007d8580000)
  to   space 5120K, 0% used [0x00000007d7b80000,0x00000007d7b80000,0x00000007d8080000)
 ParOldGen       total 86528K, used 37492K [0x0000000781200000, 0x0000000786680000, 0x00000007d5b00000)
  object space 86528K, 43% used [0x0000000781200000,0x000000078369d3f0,0x0000000786680000)
 PSPermGen       total 21504K, used 16731K [0x000000077c000000, 0x000000077d500000, 0x0000000781200000)
  object space 21504K, 77% used [0x000000077c000000,0x000000077d056c38,0x000000077d500000)
}

Deoptimization events (1 events):
Event: 1.846 Thread 0x000000000dfc1000 Uncommon trap: reason=unreached action=reinterpret pc=0x0000000001e642a0 method=java.lang.Class.searchFields([Ljava/lang/reflect/Field;Ljava/lang/String;)Ljava/lang/reflect/Field; @ 23

Internal exceptions (10 events):
Event: 2.039 Thread 0x000000000df1c800 Threw 0x00000007d6898e18 at C:\jdk7u2_64p\jdk7u40\hotspot\src\share\vm\prims\jvm.cpp:1244
Event: 2.039 Thread 0x000000000df1c800 Threw 0x00000007d689fb48 at C:\jdk7u2_64p\jdk7u40\hotspot\src\share\vm\prims\jvm.cpp:1244
Event: 2.040 Thread 0x000000000df1c800 Threw 0x00000007d68a6788 at C:\jdk7u2_64p\jdk7u40\hotspot\src\share\vm\prims\jvm.cpp:1244
Event: 2.041 Thread 0x000000000df1c800 Threw 0x00000007d68ab888 at C:\jdk7u2_64p\jdk7u40\hotspot\src\share\vm\prims\jvm.cpp:1244
Event: 2.041 Thread 0x000000000df1c800 Threw 0x00000007d68b1190 at C:\jdk7u2_64p\jdk7u40\hotspot\src\share\vm\prims\jvm.cpp:1244
Event: 2.041 Thread 0x000000000df1c800 Threw 0x00000007d68b5b60 at C:\jdk7u2_64p\jdk7u40\hotspot\src\share\vm\prims\jvm.cpp:1244
Event: 2.054 Thread 0x000000000be48800 Threw 0x00000007d67e7920 at C:\jdk7u2_64p\jdk7u40\hotspot\src\share\vm\prims\jvm.cpp:1244
Event: 2.068 Thread 0x000000000be48800 Threw 0x00000007d67f1ab8 at C:\jdk7u2_64p\jdk7u40\hotspot\src\share\vm\prims\jvm.cpp:1244
Event: 2.582 Thread 0x000000000be48800 Threw 0x00000007d6b01f30 at C:\jdk7u2_64p\jdk7u40\hotspot\src\share\vm\prims\jvm.cpp:1244
Event: 2.583 Thread 0x000000000be48800 Threw 0x00000007d6b04e40 at C:\jdk7u2_64p\jdk7u40\hotspot\src\share\vm\prims\jvm.cpp:1244

Events (10 events):
Event: 2.171 loading class 0x000000000bd5df60
Event: 2.187 loading class 0x000000000bd5df60 done
Event: 2.310 Executing VM operation: ParallelGCFailedAllocation
Event: 2.333 Executing VM operation: ParallelGCFailedAllocation done
Event: 2.581 loading class 0x000000000bdb75d0
Event: 2.581 loading class 0x000000000bdb75d0 done
Event: 2.583 loading class 0x000000000bf7b130
Event: 2.583 loading class 0x000000000bf7b130 done
Event: 2.583 loading class 0x0000000001cd5700
Event: 2.583 loading class 0x0000000001cd5700 done


Dynamic libraries:
0x00007ff6debc0000 - 0x00007ff6debf3000 	C:\Users\Akiva\Documents\processing-2.2.1-windows64\processing-2.2.1\java\bin\java.exe
0x00007ffb99b60000 - 0x00007ffb99d0c000 	C:\Windows\SYSTEM32\ntdll.dll
0x00007ffb98080000 - 0x00007ffb981be000 	C:\Windows\system32\KERNEL32.DLL
0x00007ffb970c0000 - 0x00007ffb971d5000 	C:\Windows\system32\KERNELBASE.dll
0x00007ffb94700000 - 0x00007ffb9478e000 	C:\Windows\system32\apphelp.dll
0x00007ffb7b210000 - 0x00007ffb7b263000 	C:\Windows\AppPatch\AppPatch64\AcGenral.DLL
0x00007ffb97580000 - 0x00007ffb9762a000 	C:\Windows\system32\msvcrt.dll
0x00007ffb96a80000 - 0x00007ffb96aae000 	C:\Windows\SYSTEM32\SspiCli.dll
0x00007ffb97370000 - 0x00007ffb973c4000 	C:\Windows\system32\SHLWAPI.dll
0x00007ffb97ad0000 - 0x00007ffb97c47000 	C:\Windows\system32\USER32.dll
0x00007ffb97920000 - 0x00007ffb97ab4000 	C:\Windows\system32\ole32.dll
0x00007ffb98410000 - 0x00007ffb99928000 	C:\Windows\system32\SHELL32.dll
0x00007ffb96250000 - 0x00007ffb96271000 	C:\Windows\SYSTEM32\USERENV.dll
0x00007ffb97c50000 - 0x00007ffb97cfa000 	C:\Windows\system32\ADVAPI32.dll
0x00007ffb94f10000 - 0x00007ffb94f2e000 	C:\Windows\SYSTEM32\MPR.dll
0x00007ffb971e0000 - 0x00007ffb97321000 	C:\Windows\system32\RPCRT4.dll
0x00007ffb97d00000 - 0x00007ffb97d59000 	C:\Windows\SYSTEM32\sechost.dll
0x00007ffb97630000 - 0x00007ffb97841000 	C:\Windows\SYSTEM32\combase.dll
0x00007ffb981c0000 - 0x00007ffb98311000 	C:\Windows\system32\GDI32.dll
0x00007ffb96cb0000 - 0x00007ffb96cc5000 	C:\Windows\SYSTEM32\profapi.dll
0x00007ffb93de0000 - 0x00007ffb93e92000 	C:\Windows\SYSTEM32\SHCORE.dll
0x00007ffb97330000 - 0x00007ffb97366000 	C:\Windows\system32\IMM32.DLL
0x00007ffb99a00000 - 0x00007ffb99b52000 	C:\Windows\system32\MSCTF.dll
0x00007ffb92070000 - 0x00007ffb922eb000 	C:\Windows\WinSxS\amd64_microsoft.windows.common-controls_6595b64144ccf1df_6.0.9600.17415_none_6240486fecbd8abb\COMCTL32.dll
0x000000006d120000 - 0x000000006d1f1000 	C:\Users\Akiva\Documents\processing-2.2.1-windows64\processing-2.2.1\java\bin\msvcr100.dll
0x000000006c950000 - 0x000000006d119000 	C:\Users\Akiva\Documents\processing-2.2.1-windows64\processing-2.2.1\java\bin\server\jvm.dll
0x00007ffb8cfa0000 - 0x00007ffb8cfa9000 	C:\Windows\SYSTEM32\WSOCK32.dll
0x00007ffb926e0000 - 0x00007ffb92702000 	C:\Windows\SYSTEM32\WINMM.dll
0x00007ffb98400000 - 0x00007ffb98407000 	C:\Windows\system32\PSAPI.DLL
0x00007ffb98320000 - 0x00007ffb9837a000 	C:\Windows\system32\WS2_32.dll
0x00007ffb926b0000 - 0x00007ffb926da000 	C:\Windows\SYSTEM32\WINMMBASE.dll
0x00007ffb97850000 - 0x00007ffb97859000 	C:\Windows\system32\NSI.dll
0x00007ffb97010000 - 0x00007ffb9705f000 	C:\Windows\SYSTEM32\cfgmgr32.dll
0x00007ffb95ad0000 - 0x00007ffb95af8000 	C:\Windows\SYSTEM32\DEVOBJ.dll
0x000000006c940000 - 0x000000006c94f000 	C:\Users\Akiva\Documents\processing-2.2.1-windows64\processing-2.2.1\java\bin\verify.dll
0x000000006c910000 - 0x000000006c938000 	C:\Users\Akiva\Documents\processing-2.2.1-windows64\processing-2.2.1\java\bin\java.dll
0x000000006c610000 - 0x000000006c645000 	C:\Users\Akiva\Documents\processing-2.2.1-windows64\processing-2.2.1\java\bin\jdwp.dll
0x000000006c600000 - 0x000000006c608000 	C:\Users\Akiva\Documents\processing-2.2.1-windows64\processing-2.2.1\java\bin\npt.dll
0x000000006c8f0000 - 0x000000006c905000 	C:\Users\Akiva\Documents\processing-2.2.1-windows64\processing-2.2.1\java\bin\zip.dll
0x000000006c5f0000 - 0x000000006c5f9000 	C:\Users\Akiva\Documents\processing-2.2.1-windows64\processing-2.2.1\java\bin\dt_socket.dll
0x00007ffb964c0000 - 0x00007ffb96519000 	C:\Windows\system32\mswsock.dll
0x000000006c750000 - 0x000000006c8e5000 	C:\Users\Akiva\Documents\processing-2.2.1-windows64\processing-2.2.1\java\bin\awt.dll
0x00007ffb99930000 - 0x00007ffb999f1000 	C:\Windows\system32\OLEAUT32.dll
0x00007ffb93be0000 - 0x00007ffb93c01000 	C:\Windows\system32\DWMAPI.DLL
0x00007ffb95920000 - 0x00007ffb95a49000 	C:\Windows\system32\uxtheme.dll
0x00007ffb83d10000 - 0x00007ffb83dbb000 	C:\Program Files\Common Files\microsoft shared\ink\tiptsf.dll
0x00007ffb958e0000 - 0x00007ffb958eb000 	C:\Windows\SYSTEM32\kernel.appcore.dll
0x00007ffb96b20000 - 0x00007ffb96b2b000 	C:\Windows\SYSTEM32\CRYPTBASE.dll
0x00007ffb96ab0000 - 0x00007ffb96b13000 	C:\Windows\SYSTEM32\bcryptPrimitives.dll
0x000000006c6d0000 - 0x000000006c70f000 	C:\Users\Akiva\Documents\processing-2.2.1-windows64\processing-2.2.1\java\bin\fontmanager.dll
0x00007ffb93550000 - 0x00007ffb935ba000 	C:\Windows\SYSTEM32\oleacc.dll
0x00007ffb96520000 - 0x00007ffb96540000 	C:\Windows\SYSTEM32\CRYPTSP.dll
0x00007ffb96140000 - 0x00007ffb96176000 	C:\Windows\system32\rsaenh.dll
0x00007ffb96770000 - 0x00007ffb96796000 	C:\Windows\SYSTEM32\bcrypt.dll
0x000000006c730000 - 0x000000006c749000 	C:\Users\Akiva\Documents\processing-2.2.1-windows64\processing-2.2.1\java\bin\net.dll
0x00007ffb8d5b0000 - 0x00007ffb8d5c5000 	C:\Windows\system32\napinsp.dll
0x00007ffb89900000 - 0x00007ffb8991a000 	C:\Windows\system32\pnrpnsp.dll
0x00007ffb92e80000 - 0x00007ffb92e9b000 	C:\Windows\system32\NLAapi.dll
0x00007ffb962c0000 - 0x00007ffb96364000 	C:\Windows\SYSTEM32\DNSAPI.dll
0x00007ffb8d5a0000 - 0x00007ffb8d5ad000 	C:\Windows\System32\winrnr.dll
0x00007ffb898e0000 - 0x00007ffb898f4000 	C:\Windows\system32\wshbth.dll
0x00007ffb8d4f0000 - 0x00007ffb8d4fa000 	C:\Windows\System32\rasadhlp.dll
0x00007ffb92590000 - 0x00007ffb925ba000 	C:\Windows\SYSTEM32\IPHLPAPI.DLL
0x00007ffb92390000 - 0x00007ffb9239a000 	C:\Windows\SYSTEM32\WINNSI.DLL
0x00007ffb8fb50000 - 0x00007ffb8fbbb000 	C:\Windows\System32\fwpuclnt.dll
0x000000006c710000 - 0x000000006c721000 	C:\Users\Akiva\Documents\processing-2.2.1-windows64\processing-2.2.1\java\bin\nio.dll
0x00007ffb97f60000 - 0x00007ffb98016000 	C:\Windows\SYSTEM32\clbcatq.dll
0x00000000637c0000 - 0x00000000637cd000 	C:\Users\Akiva\AppData\Local\Temp\jogamp_0000\file_cache\jln5029738252943822433\jln7580834957071481966\gluegen-rt.dll
0x000000006c5e0000 - 0x000000006c5e7000 	C:\Users\Akiva\Documents\processing-2.2.1-windows64\processing-2.2.1\java\bin\jawt.dll
0x000000006a440000 - 0x000000006a44d000 	C:\Users\Akiva\AppData\Local\Temp\jogamp_0000\file_cache\jln5029738252943822433\jln7580834957071481966\nativewindow_awt.dll
0x000000006c100000 - 0x000000006c10f000 	C:\Users\Akiva\AppData\Local\Temp\jogamp_0000\file_cache\jln5029738252943822433\jln7580834957071481966\nativewindow_win32.dll
0x00007ffb801b0000 - 0x00007ffb802db000 	C:\Windows\SYSTEM32\OpenGL32.dll
0x00007ffb85a90000 - 0x00007ffb85abe000 	C:\Windows\SYSTEM32\GLU32.dll
0x00007ffb84a80000 - 0x00007ffb84b78000 	C:\Windows\SYSTEM32\DDRAW.dll
0x00007ffb86130000 - 0x00007ffb86139000 	C:\Windows\SYSTEM32\DCIMAN32.dll
0x0000000064500000 - 0x00000000645a0000 	C:\Users\Akiva\AppData\Local\Temp\jogamp_0000\file_cache\jln5029738252943822433\jln7580834957071481966\jogl_desktop.dll
0x0000000180000000 - 0x00000001807de000 	C:\Windows\SYSTEM32\ig75icd64.dll
0x00007ffb92ea0000 - 0x00007ffb93300000 	C:\Windows\SYSTEM32\igdusc64.dll
0x00007ffb96c50000 - 0x00007ffb96c96000 	C:\Windows\SYSTEM32\powrprof.dll
0x00007ffb8d6b0000 - 0x00007ffb8d6c8000 	C:\Program Files (x86)\Spout\PROCESSING\x64\SpoutSender\code\JSpout.dll
0x000000006c540000 - 0x000000006c5d8000 	C:\Windows\SYSTEM32\MSVCP100.dll
0x00007ffb78e20000 - 0x00007ffb79041000 	C:\Windows\SYSTEM32\d3d9.dll
0x00007ffb93f30000 - 0x00007ffb94163000 	C:\Windows\SYSTEM32\d3d11.dll
0x00007ffb900b0000 - 0x00007ffb900ba000 	C:\Windows\SYSTEM32\VERSION.dll
0x00007ffb93ea0000 - 0x00007ffb93f27000 	C:\Windows\SYSTEM32\dxgi.dll
0x00007ffb90660000 - 0x00007ffb92068000 	C:\Windows\SYSTEM32\igd10iumd64.dll
0x00007ffb96740000 - 0x00007ffb96765000 	C:\Windows\SYSTEM32\ncrypt.dll
0x00007ffb96700000 - 0x00007ffb96737000 	C:\Windows\SYSTEM32\NTASN1.dll
0x00007ffb95260000 - 0x00007ffb953ea000 	C:\Windows\SYSTEM32\dbghelp.dll

VM Arguments:
jvm_args: -agentlib:jdwp=transport=dt_socket,address=8680,server=y,suspend=y -Djava.library.path=C:\Program Files (x86)\Spout\PROCESSING\x64\SpoutSender\code;C:\Users\Akiva\Documents\processing-2.2.1-windows64\processing-2.2.1\java\bin;C:\Windows\system32;C:\Windows;C:\ProgramData\Oracle\Java\javapath;c:\Program Files (x86)\Intel\iCLS Client;c:\Program Files\Intel\iCLS Client;C:\Windows\system32;C:\Windows;C:\Windows\System32\Wbem;C:\Windows\System32\WindowsPowerShell\v1.0;C:\Program Files\Intel\Intel(R) Management Engine Components\DAL;C:\Program Files\Intel\Intel(R) Management Engine Components\IPT;C:\Program Files (x86)\Intel\Intel(R) Management Engine Components\DAL;C:\Program Files (x86)\Intel\Intel(R) Management Engine Components\IPT;C:\Program Files\Intel\WiFi\bin;C:\Program Files\Common Files\Intel\WirelessCommon;C:\Program Files (x86)\Skype\Phone;C:\Program Files (x86)\QuickTime\QTSystem;C:\Program Files (x86)\PharosSystems\Core;C:\Users\Akiva\Documents\processing-2.2.1-windows64\processing-2.2.1\java\bin;. -ea 
java_command: processing.core.PApplet --editor-location=1171,239 --external --display=0 SpoutSender --sketch-path=C:\Program Files (x86)\Spout\PROCESSING\x64\SpoutSender
Launcher Type: SUN_STANDARD

Environment Variables:
PATH=C:\ProgramData\Oracle\Java\javapath;c:\Program Files (x86)\Intel\iCLS Client\;c:\Program Files\Intel\iCLS Client\;C:\Windows\system32;C:\Windows;C:\Windows\System32\Wbem;C:\Windows\System32\WindowsPowerShell\v1.0\;C:\Program Files\Intel\Intel(R) Management Engine Components\DAL;C:\Program Files\Intel\Intel(R) Management Engine Components\IPT;C:\Program Files (x86)\Intel\Intel(R) Management Engine Components\DAL;C:\Program Files (x86)\Intel\Intel(R) Management Engine Components\IPT;C:\Program Files\Intel\WiFi\bin\;C:\Program Files\Common Files\Intel\WirelessCommon\;C:\Program Files (x86)\Skype\Phone\;C:\Program Files (x86)\QuickTime\QTSystem\;C:\Program Files (x86)\PharosSystems\Core;C:\Users\Akiva\Documents\processing-2.2.1-windows64\processing-2.2.1\java\bin
USERNAME=Akiva
OS=Windows_NT
PROCESSOR_IDENTIFIER=Intel64 Family 6 Model 69 Stepping 1, GenuineIntel



---------------  S Y S T E M  ---------------

OS: Windows 8 , 64 bit Build 9200 

CPU:total 4 (2 cores per cpu, 2 threads per core) family 6 model 69 stepping 1, cmov, cx8, fxsr, mmx, sse, sse2, sse3, ssse3, sse4.1, sse4.2, popcnt, avx, avx2, aes, erms, ht, tsc, tscinvbit

Memory: 4k page, physical 8311064k(5403248k free), swap 9621784k(5576672k free)

vm_info: Java HotSpot(TM) 64-Bit Server VM (24.0-b56) for windows-amd64 JRE (1.7.0_40-b43), built on Aug 26 2013 22:38:32 by "java_re" with unknown MS VC++:1600

time: Sun May 10 19:13:34 2015
elapsed time: 2 seconds

